Game started as executable. Logs will be written to C:\Users\Acer\OneDrive - Unicorn Vysoká škola s.r.o\Dokumenty\Pygame Projects\Room Designer Simulator\logs
Initializing game manager...
Running as executable: True
Base path: C:\Users\Acer\OneDrive - Unicorn Vysoká škola s.r.o\Dokumenty\Pygame Projects\Room Designer Simulator
Starting server...
Starting server...
Running as executable, base path: C:\Users\Acer\OneDrive - Unicorn Vysoká škola s.r.o\Dokumenty\Pygame Projects\Room Designer Simulator
Server directory: C:\Users\Acer\AppData\Local\Temp\_MEI21122\server
Server directory contents: ['app.js', 'node_modules', 'package.json', 'routes', 'src']
node_modules found at: C:\Users\Acer\AppData\Local\Temp\_MEI21122\server\node_modules
Searching for Node.js executable...
Found Node.js at: C:\Program Files\nodejs\node.exe
app.js found at: C:\Users\Acer\AppData\Local\Temp\_MEI21122\server\app.js
Starting Node.js server with command: C:\Program Files\nodejs\node.exe C:\Users\Acer\AppData\Local\Temp\_MEI21122\server\app.js
Working directory: C:\Users\Acer\AppData\Local\Temp\_MEI21122\server
Server process started with PID: 17088
Waiting for server to become healthy...
Using timeout: 45s, initial delay: 3s
Error reading STDOUT: 'charmap' codec can't encode character '\U0001f4e1' in position 67: character maps to <undefined>
Server STDERR: Email configuration error: Error: Missing credentials for "PLAIN"
Server STDERR: at SMTPConnection._formatError (C:\Users\Acer\AppData\Local\Temp\_MEI21122\server\node_modules\nodemailer\lib\smtp-connection\index.js:809:19)
Server STDERR: at SMTPConnection.login (C:\Users\Acer\AppData\Local\Temp\_MEI21122\server\node_modules\nodemailer\lib\smtp-connection\index.js:454:38)
Server STDERR: at C:\Users\Acer\AppData\Local\Temp\_MEI21122\server\node_modules\nodemailer\lib\smtp-transport\index.js:375:32
Server STDERR: at SMTPConnection.<anonymous> (C:\Users\Acer\AppData\Local\Temp\_MEI21122\server\node_modules\nodemailer\lib\smtp-connection\index.js:215:17)
Server STDERR: at Object.onceWrapper (node:events:633:28)
Server STDERR: at SMTPConnection.emit (node:events:519:28)
Server STDERR: at SMTPConnection._actionEHLO (C:\Users\Acer\AppData\Local\Temp\_MEI21122\server\node_modules\nodemailer\lib\smtp-connection\index.js:1371:14)
Server STDERR: at SMTPConnection._processResponse (C:\Users\Acer\AppData\Local\Temp\_MEI21122\server\node_modules\nodemailer\lib\smtp-connection\index.js:993:20)
Server STDERR: at SMTPConnection._onData (C:\Users\Acer\AppData\Local\Temp\_MEI21122\server\node_modules\nodemailer\lib\smtp-connection\index.js:774:14)
Server STDERR: at SMTPConnection._onSocketData (C:\Users\Acer\AppData\Local\Temp\_MEI21122\server\node_modules\nodemailer\lib\smtp-connection\index.js:195:44) {
Server STDERR: code: 'EAUTH',
Server STDERR: command: 'API'
Server STDERR: }
Health check attempt 1 (elapsed: 3.0s)
Server health check passed after 1 attempts!
Performing stability verification...
Server is stable and ready!
Server started and ready!
Server started successfully
Showing auth screen...
Logging in user: Thysis
Waiting for server to be ready (timeout: 15s)...
Server readiness check attempt 1...
Server is ready!
Running as executable, exe location: C:\Users\Acer\OneDrive - Unicorn Vysoká škola s.r.o\Dokumenty\Pygame Projects\Room Designer Simulator
Using storage path: C:\Users\Acer\OneDrive - Unicorn Vysoká škola s.r.o\Dokumenty\Pygame Projects\Room Designer Simulator\storage
Saving user session to: C:\Users\Acer\OneDrive - Unicorn Vysoká škola s.r.o\Dokumenty\Pygame Projects\Room Designer Simulator\storage\user_session.json
User session saved successfully
Login successful
Downloading user data...
Starting download_game_data...
Login check: True
Making GET request to: http://localhost:8000/gamedata/load/68a45aa838d94da7fc31c124
Response status code: 200
Download successful, saving local data...
Saving local game data...
Saving inventory...
Saving selection...
Saving stats...
Running as executable, exe location: C:\Users\Acer\OneDrive - Unicorn Vysoká škola s.r.o\Dokumenty\Pygame Projects\Room Designer Simulator
Using storage path: C:\Users\Acer\OneDrive - Unicorn Vysoká škola s.r.o\Dokumenty\Pygame Projects\Room Designer Simulator\storage
Saving tiles...
Local game data saved successfully
Running as executable, exe location: C:\Users\Acer\OneDrive - Unicorn Vysoká škola s.r.o\Dokumenty\Pygame Projects\Room Designer Simulator
Using storage path: C:\Users\Acer\OneDrive - Unicorn Vysoká škola s.r.o\Dokumenty\Pygame Projects\Room Designer Simulator\storage
Updating sync time in: C:\Users\Acer\OneDrive - Unicorn Vysoká škola s.r.o\Dokumenty\Pygame Projects\Room Designer Simulator\storage\last_sync.json
Sync time updated successfully
Starting sync_game_data...
Login check: True
Waiting for server to be ready (timeout: 15s)...
Server readiness check attempt 1...
Server is ready!
Gathering data for sync...
Collecting local game data...
Running as executable, exe location: C:\Users\Acer\OneDrive - Unicorn Vysoká škola s.r.o\Dokumenty\Pygame Projects\Room Designer Simulator
Using storage path: C:\Users\Acer\OneDrive - Unicorn Vysoká škola s.r.o\Dokumenty\Pygame Projects\Room Designer Simulator\storage
Loading stats from: C:\Users\Acer\OneDrive - Unicorn Vysoká škola s.r.o\Dokumenty\Pygame Projects\Room Designer Simulator\storage\stats_data.json
Loaded stats: {'total_balance': 11218, 'snake_hi_score': 90, 'fruit_hi_score': 740, 'bullet_hi_score': 570}
Loading inventory...
Loading selected assets...
Loading tiles...
Local game data collected: ['inventory', 'selection', 'stats', 'tiles']
Running as executable, exe location: C:\Users\Acer\OneDrive - Unicorn Vysoká škola s.r.o\Dokumenty\Pygame Projects\Room Designer Simulator
Using storage path: C:\Users\Acer\OneDrive - Unicorn Vysoká škola s.r.o\Dokumenty\Pygame Projects\Room Designer Simulator\storage
Loading sync time from: C:\Users\Acer\OneDrive - Unicorn Vysoká škola s.r.o\Dokumenty\Pygame Projects\Room Designer Simulator\storage\last_sync.json
Last sync time: 2025-09-02T14:42:04.236565
Making PATCH request to: http://localhost:8000/gamedata/sync/68a45aa838d94da7fc31c124
Response status code: 200
Sync action: upload
Local data was uploaded to cloud
Running as executable, exe location: C:\Users\Acer\OneDrive - Unicorn Vysoká škola s.r.o\Dokumenty\Pygame Projects\Room Designer Simulator
Using storage path: C:\Users\Acer\OneDrive - Unicorn Vysoká škola s.r.o\Dokumenty\Pygame Projects\Room Designer Simulator\storage
Updating sync time in: C:\Users\Acer\OneDrive - Unicorn Vysoká škola s.r.o\Dokumenty\Pygame Projects\Room Designer Simulator\storage\last_sync.json
Sync time updated successfully
Sync: Uploaded local data to cloud!
Authentication successful, initializing game...
Starting game...
Game ended, uploading data...
Upload attempt 1/5
Attempting to upload game data...
Login check: True
User is logged in as: Thysis
Ensuring server is ready for upload...
Waiting for server to be ready (timeout: 20s)...
Server readiness check attempt 1...
Server is ready!
Server is ready, proceeding with upload...
Calling upload_to_cloud()...
Starting upload_game_data...
Login check: True
Ensuring server is ready for upload...
Waiting for server to be ready (timeout: 20s)...
Server readiness check attempt 1...
Server is ready!
Gathering local game data...
Collecting local game data...
Running as executable, exe location: C:\Users\Acer\OneDrive - Unicorn Vysoká škola s.r.o\Dokumenty\Pygame Projects\Room Designer Simulator
Using storage path: C:\Users\Acer\OneDrive - Unicorn Vysoká škola s.r.o\Dokumenty\Pygame Projects\Room Designer Simulator\storage
Loading stats from: C:\Users\Acer\OneDrive - Unicorn Vysoká škola s.r.o\Dokumenty\Pygame Projects\Room Designer Simulator\storage\stats_data.json
Loaded stats: {'total_balance': 11218, 'snake_hi_score': 90, 'fruit_hi_score': 740, 'bullet_hi_score': 570}
Loading inventory...
Loading selected assets...
Loading tiles...
Local game data collected: ['inventory', 'selection', 'stats', 'tiles']
Making POST request to: http://localhost:8000/gamedata/save/68a45aa838d94da7fc31c124
Upload attempt 1/3
Response status code: 200
Upload successful, updating sync time...
Running as executable, exe location: C:\Users\Acer\OneDrive - Unicorn Vysoká škola s.r.o\Dokumenty\Pygame Projects\Room Designer Simulator
Using storage path: C:\Users\Acer\OneDrive - Unicorn Vysoká škola s.r.o\Dokumenty\Pygame Projects\Room Designer Simulator\storage
Updating sync time in: C:\Users\Acer\OneDrive - Unicorn Vysoká škola s.r.o\Dokumenty\Pygame Projects\Room Designer Simulator\storage\last_sync.json
Sync time updated successfully
Upload result - Success: True, Message: Game data uploaded successfully!
Progress saved to cloud!
Upload successful!
Upload completed with success: True
Starting cleanup...
Waiting for any ongoing operations to complete...
Stopping server...
Stopping server process (PID: 17088)
Found 1 child processes
Terminating child process: 23440
Terminating parent process: 17088
Server stopped successfully
Server stopped
Final cleanup...
Game shutdown complete
